Parsing module file...
Module map parsed.
Reading .jvtp files from project directory...
jvtp files read.
CodeT5+ Embeddings model loaded.
Document: src\client\java\teammates\client\connector\DatastoreClient.java
  Module: Client, Similarity: 0.43981242179870605
  Module: Common, Similarity: 0.2627379894256592
  Module: E2E, Similarity: 0.17804284393787384
  Module: Logic, Similarity: 0.11266367137432098
  Module: Storage, Similarity: 0.296915739774704
  Module: UI, Similarity: 0.15838675200939178
Document: src\client\java\teammates\client\connector\package-info.java
  Module: Client, Similarity: 0.49161529541015625
  Module: Common, Similarity: 0.47938740253448486
  Module: E2E, Similarity: 0.31787341833114624
  Module: Logic, Similarity: 0.23682618141174316
  Module: Storage, Similarity: 0.3467061519622803
  Module: UI, Similarity: 0.33403125405311584
Document: src\client\java\teammates\client\scripts\DataBundleRegenerator.java
  Module: Client, Similarity: 0.21128329634666443
  Module: Common, Similarity: 0.2162267416715622
  Module: E2E, Similarity: 0.11270679533481598
  Module: Logic, Similarity: 0.12786753475666046
  Module: Storage, Similarity: 0.1883613020181656
  Module: UI, Similarity: 0.1751968413591385
Document: src\client\java\teammates\client\scripts\DataMigrationEntitiesBaseScript.java
  Module: Client, Similarity: 0.19169774651527405
  Module: Common, Similarity: 0.2357533574104309
  Module: E2E, Similarity: 0.14296190440654755
  Module: Logic, Similarity: 0.12227734178304672
  Module: Storage, Similarity: 0.224587082862854
  Module: UI, Similarity: 0.13869673013687134
Document: src\client\java\teammates\client\scripts\DataMigrationForConstSumForceUnevenDistribution.java
  Module: Client, Similarity: 0.1170547604560852
  Module: Common, Similarity: 0.2749522924423218
  Module: E2E, Similarity: 0.2686863839626312
  Module: Logic, Similarity: 0.23978418111801147
  Module: Storage, Similarity: 0.18835949897766113
  Module: UI, Similarity: 0.1549609750509262
Document: src\client\java\teammates\client\scripts\DataMigrationForContributionQuestionDetailsIsZeroSum.java
  Module: Client, Similarity: 0.10753174126148224
  Module: Common, Similarity: 0.24958913028240204
  Module: E2E, Similarity: 0.22023388743400574
  Module: Logic, Similarity: 0.24633769690990448
  Module: Storage, Similarity: 0.18537236750125885
  Module: UI, Similarity: 0.1654377430677414
Document: src\client\java\teammates\client\scripts\DataMigrationForFeedbackSessionMismatchedTimezone.java
  Module: Client, Similarity: 0.14127033948898315
  Module: Common, Similarity: 0.25814563035964966
  Module: E2E, Similarity: 0.20981501042842865
  Module: Logic, Similarity: 0.2113231122493744
  Module: Storage, Similarity: 0.17008540034294128
  Module: UI, Similarity: 0.1349753588438034
Document: src\client\java\teammates\client\scripts\DataMigrationForGoogleIdToGmail.java
  Module: Client, Similarity: 0.1817091405391693
  Module: Common, Similarity: 0.3105967938899994
  Module: E2E, Similarity: 0.26409876346588135
  Module: Logic, Similarity: 0.23635533452033997
  Module: Storage, Similarity: 0.21127700805664062
  Module: UI, Similarity: 0.21996623277664185
Document: src\client\java\teammates\client\scripts\DataMigrationForInstructorFeedbackResponseComments.java
  Module: Client, Similarity: 0.1467842012643814
  Module: Common, Similarity: 0.2756856679916382
  Module: E2E, Similarity: 0.25573602318763733
  Module: Logic, Similarity: 0.23900902271270752
  Module: Storage, Similarity: 0.22513608634471893
  Module: UI, Similarity: 0.19612421095371246
Document: src\client\java\teammates\client\scripts\DataMigrationForInstructorNullIsArchivedField.java
  Module: Client, Similarity: 0.0918947383761406
  Module: Common, Similarity: 0.29782524704933167
  Module: E2E, Similarity: 0.25554144382476807
  Module: Logic, Similarity: 0.29010799527168274
  Module: Storage, Similarity: 0.2163773477077484
  Module: UI, Similarity: 0.17839312553405762
Document: src\client\java\teammates\client\scripts\DataMigrationForNullCommentGiverType.java
  Module: Client, Similarity: 0.10469545423984528
  Module: Common, Similarity: 0.2607073485851288
  Module: E2E, Similarity: 0.23396369814872742
  Module: Logic, Similarity: 0.22947466373443604
  Module: Storage, Similarity: 0.17356149852275848
  Module: UI, Similarity: 0.139143168926239
Document: src\client\java\teammates\client\scripts\DataMigrationForSampleGoogleIdInStudentAttributes.java
  Module: Client, Similarity: 0.06888499110937119
  Module: Common, Similarity: 0.23201873898506165
  Module: E2E, Similarity: 0.1977812498807907
  Module: Logic, Similarity: 0.20887768268585205
  Module: Storage, Similarity: 0.2095521092414856
  Module: UI, Similarity: 0.1006307303905487
Document: src\client\java\teammates\client\scripts\DataMigrationForSanitizedDataInCourseAttributes.java
  Module: Client, Similarity: 0.12726646661758423
  Module: Common, Similarity: 0.2816621959209442
  Module: E2E, Similarity: 0.24540571868419647
  Module: Logic, Similarity: 0.24086575210094452
  Module: Storage, Similarity: 0.2290632724761963
  Module: UI, Similarity: 0.18994459509849548
Document: src\client\java\teammates\client\scripts\DataMigrationForSanitizedDataInInstructorAttributes.java
  Module: Client, Similarity: 0.09096265584230423
  Module: Common, Similarity: 0.2466464340686798
  Module: E2E, Similarity: 0.23300573229789734
  Module: Logic, Similarity: 0.22471846640110016
  Module: Storage, Similarity: 0.2056811898946762
  Module: UI, Similarity: 0.16388052701950073
Document: src\client\java\teammates\client\scripts\DataMigrationForSanitizedDataInStudentAttributes.java
  Module: Client, Similarity: 0.10231316834688187
  Module: Common, Similarity: 0.25424879789352417
  Module: E2E, Similarity: 0.20711776614189148
  Module: Logic, Similarity: 0.22517938911914825
  Module: Storage, Similarity: 0.1933409571647644
  Module: UI, Similarity: 0.1318928301334381
Document: src\client\java\teammates\client\scripts\DataMigrationForSanitizedInstructorName.java
  Module: Client, Similarity: 0.11445008963346481
  Module: Common, Similarity: 0.2723226547241211
  Module: E2E, Similarity: 0.2569091022014618
  Module: Logic, Similarity: 0.24276405572891235
  Module: Storage, Similarity: 0.2148931324481964
  Module: UI, Similarity: 0.20060232281684875
Document: src\client\java\teammates\client\scripts\DataMigrationForStudentsAndTeamsRecipientType.java
  Module: Client, Similarity: 0.12259085476398468
  Module: Common, Similarity: 0.2552418112754822
  Module: E2E, Similarity: 0.25365400314331055
  Module: Logic, Similarity: 0.2285412847995758
  Module: Storage, Similarity: 0.16914115846157074
  Module: UI, Similarity: 0.14573270082473755
Document: src\client\java\teammates\client\scripts\DataMigrationForTeamNameInResponseGiver.java
  Module: Client, Similarity: 0.14567020535469055
  Module: Common, Similarity: 0.18441565334796906
  Module: E2E, Similarity: 0.2130482941865921
  Module: Logic, Similarity: 0.170013889670372
  Module: Storage, Similarity: 0.13936074078083038
  Module: UI, Similarity: 0.10355064272880554
Document: src\client\java\teammates\client\scripts\DataMigrationForTextQuestionDetailsFormat.java
  Module: Client, Similarity: 0.18588858842849731
  Module: Common, Similarity: 0.2476637363433838
  Module: E2E, Similarity: 0.2629837095737457
  Module: Logic, Similarity: 0.22059400379657745
  Module: Storage, Similarity: 0.23336279392242432
  Module: UI, Similarity: 0.18944574892520905
Document: src\client\java\teammates\client\scripts\DataMigrationForTextQuestionRecommendedLength.java
  Module: Client, Similarity: 0.13821806013584137
  Module: Common, Similarity: 0.27819162607192993
  Module: E2E, Similarity: 0.23600038886070251
  Module: Logic, Similarity: 0.2358069121837616
  Module: Storage, Similarity: 0.2323838621377945
  Module: UI, Similarity: 0.16054481267929077
Document: src\client\java\teammates\client\scripts\DataMigrationForUnencryptedKeyForInstructors.java
  Module: Client, Similarity: 0.17718955874443054
  Module: Common, Similarity: 0.2813532054424286
  Module: E2E, Similarity: 0.2551904618740082
  Module: Logic, Similarity: 0.22053201496601105
  Module: Storage, Similarity: 0.23769116401672363
  Module: UI, Similarity: 0.188157856464386
Document: src\client\java\teammates\client\scripts\DataMigrationForUnencryptedKeyForStudents.java
  Module: Client, Similarity: 0.18717408180236816
  Module: Common, Similarity: 0.29186320304870605
  Module: E2E, Similarity: 0.24837914109230042
  Module: Logic, Similarity: 0.21921102702617645
  Module: Storage, Similarity: 0.24080897867679596
  Module: UI, Similarity: 0.18610212206840515
Document: src\client\java\teammates\client\scripts\GenerateUsageStatisticsObjects.java
  Module: Client, Similarity: 0.32634803652763367
  Module: Common, Similarity: 0.33845725655555725
  Module: E2E, Similarity: 0.19837597012519836
  Module: Logic, Similarity: 0.2601839303970337
  Module: Storage, Similarity: 0.23433434963226318
  Module: UI, Similarity: 0.1932278275489807
Document: src\client\java\teammates\client\scripts\GoogleIdMigrationBaseScript.java
  Module: Client, Similarity: 0.15454375743865967
  Module: Common, Similarity: 0.2209538221359253
  Module: E2E, Similarity: 0.17889583110809326
  Module: Logic, Similarity: 0.13052552938461304
  Module: Storage, Similarity: 0.19701604545116425
  Module: UI, Similarity: 0.14086514711380005
Document: src\client\java\teammates\client\scripts\IndexFeedbackSessionFields.java
  Module: Client, Similarity: 0.20001950860023499
  Module: Common, Similarity: 0.3035157024860382
  Module: E2E, Similarity: 0.26214146614074707
  Module: Logic, Similarity: 0.25024890899658203
  Module: Storage, Similarity: 0.28937846422195435
  Module: UI, Similarity: 0.2399916648864746
Document: src\client\java\teammates\client\scripts\ListActiveInstructors.java
  Module: Client, Similarity: 0.3433094024658203
  Module: Common, Similarity: 0.3415580093860626
  Module: E2E, Similarity: 0.22739069163799286
  Module: Logic, Similarity: 0.24446594715118408
  Module: Storage, Similarity: 0.23577181994915009
  Module: UI, Similarity: 0.1743534505367279
Document: src\client\java\teammates\client\scripts\MockCourseWithLargeResponseScript.java
  Module: Client, Similarity: 0.27056705951690674
  Module: Common, Similarity: 0.20228800177574158
  Module: E2E, Similarity: 0.10086898505687714
  Module: Logic, Similarity: 0.1098034530878067
  Module: Storage, Similarity: 0.17137311398983002
  Module: UI, Similarity: 0.14001697301864624
Document: src\client\java\teammates\client\scripts\package-info.java
  Module: Client, Similarity: 0.36562758684158325
  Module: Common, Similarity: 0.4306066632270813
  Module: E2E, Similarity: 0.26283806562423706
  Module: Logic, Similarity: 0.2280411273241043
  Module: Storage, Similarity: 0.2947067618370056
  Module: UI, Similarity: 0.38026008009910583
Document: src\client\java\teammates\client\scripts\PopulateCourseSearchDocuments.java
  Module: Client, Similarity: 0.2190936952829361
  Module: Common, Similarity: 0.22821593284606934
  Module: E2E, Similarity: 0.18636637926101685
  Module: Logic, Similarity: 0.18987984955310822
  Module: Storage, Similarity: 0.24437865614891052
  Module: UI, Similarity: 0.14949636161327362
Document: src\client\java\teammates\client\scripts\SingleAccountGoogleIdMigrationScript.java
  Module: Client, Similarity: 0.24619200825691223
  Module: Common, Similarity: 0.31464797258377075
  Module: E2E, Similarity: 0.2566956877708435
  Module: Logic, Similarity: 0.2239692062139511
  Module: Storage, Similarity: 0.2422783374786377
  Module: UI, Similarity: 0.22868312895298004
Document: src\client\java\teammates\client\scripts\TeamEvalResultCalculations.java
  Module: Client, Similarity: 0.07093803584575653
  Module: Common, Similarity: 0.33024492859840393
  Module: E2E, Similarity: 0.20809680223464966
  Module: Logic, Similarity: 0.2086459994316101
  Module: Storage, Similarity: 0.05048821493983269
  Module: UI, Similarity: 0.17649774253368378
Document: src\client\java\teammates\client\scripts\statistics\CursorIterator.java
  Module: Client, Similarity: 0.2018505334854126
  Module: Common, Similarity: 0.29067716002464294
  Module: E2E, Similarity: 0.19636866450309753
  Module: Logic, Similarity: 0.2492082417011261
  Module: Storage, Similarity: 0.2800374925136566
  Module: UI, Similarity: 0.14868155121803284
Document: src\client\java\teammates\client\scripts\statistics\FileStore.java
  Module: Client, Similarity: 0.25413909554481506
  Module: Common, Similarity: 0.21285772323608398
  Module: E2E, Similarity: 0.10551540553569794
  Module: Logic, Similarity: 0.10773226618766785
  Module: Storage, Similarity: 0.3367641866207123
  Module: UI, Similarity: 0.10036008059978485
Document: src\client\java\teammates\client\scripts\statistics\package-info.java
  Module: Client, Similarity: 0.3128546476364136
  Module: Common, Similarity: 0.4508768916130066
  Module: E2E, Similarity: 0.2957201600074768
  Module: Logic, Similarity: 0.26688113808631897
  Module: Storage, Similarity: 0.2770179212093353
  Module: UI, Similarity: 0.37239086627960205
Document: src\client\java\teammates\client\scripts\statistics\StatisticsBundle.java
  Module: Client, Similarity: 0.1861209124326706
  Module: Common, Similarity: 0.35797208547592163
  Module: E2E, Similarity: 0.1989801526069641
  Module: Logic, Similarity: 0.28127115964889526
  Module: Storage, Similarity: 0.3093583881855011
  Module: UI, Similarity: 0.21706679463386536
Document: src\client\java\teammates\client\scripts\statistics\StatisticsPerInstitute.java
  Module: Client, Similarity: 0.253799170255661
  Module: Common, Similarity: 0.293517529964447
  Module: E2E, Similarity: 0.21421624720096588
  Module: Logic, Similarity: 0.2476949691772461
  Module: Storage, Similarity: 0.2545522153377533
  Module: UI, Similarity: 0.16529932618141174
Document: src\client\java\teammates\client\util\BackDoor.java
  Module: Client, Similarity: 0.38803812861442566
  Module: Common, Similarity: 0.452202171087265
  Module: E2E, Similarity: 0.235462486743927
  Module: Logic, Similarity: 0.23764672875404358
  Module: Storage, Similarity: 0.3311116099357605
  Module: UI, Similarity: 0.3307567834854126
Document: src\client\java\teammates\client\util\ClientProperties.java
  Module: Client, Similarity: 0.3117057681083679
  Module: Common, Similarity: 0.4703039228916168
  Module: E2E, Similarity: 0.2385149598121643
  Module: Logic, Similarity: 0.27043747901916504
  Module: Storage, Similarity: 0.3322288393974304
  Module: UI, Similarity: 0.19785059988498688
Document: src\client\java\teammates\client\util\LoopHelper.java
  Module: Client, Similarity: 0.267608106136322
  Module: Common, Similarity: 0.416645884513855
  Module: E2E, Similarity: 0.22138196229934692
  Module: Logic, Similarity: 0.3087148070335388
  Module: Storage, Similarity: 0.23747794330120087
  Module: UI, Similarity: 0.314439058303833
Document: src\client\java\teammates\client\util\package-info.java
  Module: Client, Similarity: 0.378256231546402
  Module: Common, Similarity: 0.5843160152435303
  Module: E2E, Similarity: 0.3340855836868286
  Module: Logic, Similarity: 0.32707592844963074
  Module: Storage, Similarity: 0.3731754422187805
  Module: UI, Similarity: 0.36212998628616333
Document: src\e2e\java\teammates\e2e\cases\AdminAccountsPageE2ETest.java
  Module: Client, Similarity: 0.20630739629268646
  Module: Common, Similarity: 0.2506842315196991
  Module: E2E, Similarity: 0.24528130888938904
  Module: Logic, Similarity: 0.12409745901823044
  Module: Storage, Similarity: 0.16445228457450867
  Module: UI, Similarity: 0.1713494211435318
Document: src\e2e\java\teammates\e2e\cases\AdminHomePageE2ETest.java
  Module: Client, Similarity: 0.23518310487270355
  Module: Common, Similarity: 0.23959383368492126
  Module: E2E, Similarity: 0.2520039975643158
  Module: Logic, Similarity: 0.12218210846185684
  Module: Storage, Similarity: 0.17166821658611298
  Module: UI, Similarity: 0.17976927757263184
Document: src\e2e\java\teammates\e2e\cases\AdminNotificationsPageE2ETest.java
  Module: Client, Similarity: 0.18542790412902832
  Module: Common, Similarity: 0.19100695848464966
  Module: E2E, Similarity: 0.21212515234947205
  Module: Logic, Similarity: 0.07217422872781754
  Module: Storage, Similarity: 0.1660352647304535
  Module: UI, Similarity: 0.14021150767803192
Document: src\e2e\java\teammates\e2e\cases\AdminSearchPageE2ETest.java
  Module: Client, Similarity: 0.1941191554069519
  Module: Common, Similarity: 0.23041686415672302
  Module: E2E, Similarity: 0.2303391695022583
  Module: Logic, Similarity: 0.10640878975391388
  Module: Storage, Similarity: 0.1693803071975708
  Module: UI, Similarity: 0.15420331060886383
Document: src\e2e\java\teammates\e2e\cases\AdminSessionsPageE2ETest.java
  Module: Client, Similarity: 0.18410217761993408
  Module: Common, Similarity: 0.18893493711948395
  Module: E2E, Similarity: 0.2515024244785309
  Module: Logic, Similarity: 0.07662279903888702
  Module: Storage, Similarity: 0.13760870695114136
  Module: UI, Similarity: 0.10951592028141022
Document: src\e2e\java\teammates\e2e\cases\AutomatedSessionRemindersE2ETest.java
  Module: Client, Similarity: 0.21075856685638428
  Module: Common, Similarity: 0.18374459445476532
  Module: E2E, Similarity: 0.2506866753101349
  Module: Logic, Similarity: 0.09336383640766144
  Module: Storage, Similarity: 0.13322944939136505
  Module: UI, Similarity: 0.09521429985761642
Document: src\e2e\java\teammates\e2e\cases\BaseE2ETestCase.java
  Module: Client, Similarity: 0.2232714742422104
  Module: Common, Similarity: 0.19605587422847748
  Module: E2E, Similarity: 0.18125000596046448
  Module: Logic, Similarity: 0.0754738301038742
  Module: Storage, Similarity: 0.14633579552173615
  Module: UI, Similarity: 0.13711051642894745
Document: src\e2e\java\teammates\e2e\cases\BaseFeedbackQuestionE2ETest.java
  Module: Client, Similarity: 0.2014506310224533
  Module: Common, Similarity: 0.25205451250076294
  Module: E2E, Similarity: 0.23026703298091888
  Module: Logic, Similarity: 0.1131763830780983
  Module: Storage, Similarity: 0.1604049652814865
  Module: UI, Similarity: 0.1627195179462433
Document: src\e2e\java\teammates\e2e\cases\FeedbackConstSumOptionQuestionE2ETest.java
  Module: Client, Similarity: 0.19380205869674683
  Module: Common, Similarity: 0.22071461379528046
  Module: E2E, Similarity: 0.2618884742259979
  Module: Logic, Similarity: 0.12928560376167297
  Module: Storage, Similarity: 0.15053203701972961
  Module: UI, Similarity: 0.1291162520647049
Document: src\e2e\java\teammates\e2e\cases\FeedbackConstSumRecipientQuestionE2ETest.java
  Module: Client, Similarity: 0.19539108872413635
  Module: Common, Similarity: 0.2247200310230255
  Module: E2E, Similarity: 0.2624365985393524
  Module: Logic, Similarity: 0.1266847848892212
  Module: Storage, Similarity: 0.15658484399318695
  Module: UI, Similarity: 0.12185956537723541
Document: src\e2e\java\teammates\e2e\cases\FeedbackContributionQuestionE2ETest.java
  Module: Client, Similarity: 0.19725625216960907
  Module: Common, Similarity: 0.19079908728599548
  Module: E2E, Similarity: 0.24748393893241882
  Module: Logic, Similarity: 0.10063336789608002
  Module: Storage, Similarity: 0.15179938077926636
  Module: UI, Similarity: 0.11961530148983002
Document: src\e2e\java\teammates\e2e\cases\FeedbackMcqQuestionE2ETest.java
  Module: Client, Similarity: 0.18645381927490234
  Module: Common, Similarity: 0.18562810122966766
  Module: E2E, Similarity: 0.2540442645549774
  Module: Logic, Similarity: 0.10801178961992264
  Module: Storage, Similarity: 0.14343616366386414
  Module: UI, Similarity: 0.10756507515907288
Document: src\e2e\java\teammates\e2e\cases\FeedbackMsqQuestionE2ETest.java
  Module: Client, Similarity: 0.18153904378414154
  Module: Common, Similarity: 0.17164398729801178
  Module: E2E, Similarity: 0.2473572939634323
  Module: Logic, Similarity: 0.09714778512716293
  Module: Storage, Similarity: 0.1453399509191513
  Module: UI, Similarity: 0.0952010452747345
Document: src\e2e\java\teammates\e2e\cases\FeedbackNumScaleQuestionE2ETest.java
  Module: Client, Similarity: 0.20769378542900085
  Module: Common, Similarity: 0.19781436026096344
  Module: E2E, Similarity: 0.2668486535549164
  Module: Logic, Similarity: 0.11735101044178009
  Module: Storage, Similarity: 0.15441875159740448
  Module: UI, Similarity: 0.13562434911727905
Document: src\e2e\java\teammates\e2e\cases\FeedbackRankOptionQuestionE2ETest.java
  Module: Client, Similarity: 0.18111978471279144
  Module: Common, Similarity: 0.17150169610977173
  Module: E2E, Similarity: 0.2215779721736908
  Module: Logic, Similarity: 0.09720510989427567
  Module: Storage, Similarity: 0.1308393031358719
  Module: UI, Similarity: 0.1077478677034378
Document: src\e2e\java\teammates\e2e\cases\FeedbackRankRecipientQuestionE2ETest.java
  Module: Client, Similarity: 0.19125914573669434
  Module: Common, Similarity: 0.17982769012451172
  Module: E2E, Similarity: 0.23117877542972565
  Module: Logic, Similarity: 0.10233339667320251
  Module: Storage, Similarity: 0.14116305112838745
  Module: UI, Similarity: 0.10895495116710663
Document: src\e2e\java\teammates\e2e\cases\FeedbackResultsPageE2ETest.java
  Module: Client, Similarity: 0.17481277883052826
  Module: Common, Similarity: 0.17168936133384705
  Module: E2E, Similarity: 0.22383883595466614
  Module: Logic, Similarity: 0.07980446517467499
  Module: Storage, Similarity: 0.12505756318569183
  Module: UI, Similarity: 0.07864906638860703
Document: src\e2e\java\teammates\e2e\cases\FeedbackRubricQuestionE2ETest.java
  Module: Client, Similarity: 0.21339598298072815
  Module: Common, Similarity: 0.189104363322258
  Module: E2E, Similarity: 0.24619251489639282
  Module: Logic, Similarity: 0.1087336614727974
  Module: Storage, Similarity: 0.157904714345932
  Module: UI, Similarity: 0.13116304576396942
Document: src\e2e\java\teammates\e2e\cases\FeedbackSubmitPageE2ETest.java
  Module: Client, Similarity: 0.17705148458480835
  Module: Common, Similarity: 0.1709667593240738
  Module: E2E, Similarity: 0.22985956072807312
  Module: Logic, Similarity: 0.067438043653965
  Module: Storage, Similarity: 0.13182862102985382
  Module: UI, Similarity: 0.08566360920667648
Document: src\e2e\java\teammates\e2e\cases\FeedbackTextQuestionE2ETest.java
  Module: Client, Similarity: 0.21515436470508575
  Module: Common, Similarity: 0.182074174284935
  Module: E2E, Similarity: 0.23803387582302094
  Module: Logic, Similarity: 0.09886147826910019
  Module: Storage, Similarity: 0.13928194344043732
  Module: UI, Similarity: 0.13125358521938324
Document: src\e2e\java\teammates\e2e\cases\InstructorCourseDetailsPageE2ETest.java
  Module: Client, Similarity: 0.16335439682006836
  Module: Common, Similarity: 0.20071721076965332
  Module: E2E, Similarity: 0.2421390265226364
  Module: Logic, Similarity: 0.08025992661714554
  Module: Storage, Similarity: 0.16109299659729004
  Module: UI, Similarity: 0.12726709246635437
Document: src\e2e\java\teammates\e2e\cases\InstructorCourseEditPageE2ETest.java
  Module: Client, Similarity: 0.2034178376197815
  Module: Common, Similarity: 0.22878223657608032
  Module: E2E, Similarity: 0.22491605579853058
  Module: Logic, Similarity: 0.10462568700313568
  Module: Storage, Similarity: 0.18048232793807983
  Module: UI, Similarity: 0.16187866032123566
Document: src\e2e\java\teammates\e2e\cases\InstructorCourseEnrollPageE2ETest.java
  Module: Client, Similarity: 0.1996556669473648
  Module: Common, Similarity: 0.2292359322309494
  Module: E2E, Similarity: 0.22061119973659515
  Module: Logic, Similarity: 0.10990070551633835
  Module: Storage, Similarity: 0.14248457551002502
  Module: UI, Similarity: 0.15995995700359344
Document: src\e2e\java\teammates\e2e\cases\InstructorCourseJoinConfirmationPageE2ETest.java
  Module: Client, Similarity: 0.1902545690536499
  Module: Common, Similarity: 0.1919449269771576
  Module: E2E, Similarity: 0.2296617031097412
  Module: Logic, Similarity: 0.08166036754846573
  Module: Storage, Similarity: 0.11520493030548096
  Module: UI, Similarity: 0.1405395269393921
Document: src\e2e\java\teammates\e2e\cases\InstructorCoursesPageE2ETest.java
  Module: Client, Similarity: 0.17423668503761292
  Module: Common, Similarity: 0.2232053279876709
  Module: E2E, Similarity: 0.24123908579349518
  Module: Logic, Similarity: 0.09696279466152191
  Module: Storage, Similarity: 0.15892967581748962
  Module: UI, Similarity: 0.10694606602191925
Document: src\e2e\java\teammates\e2e\cases\InstructorCourseStudentDetailsEditPageE2ETest.java
  Module: Client, Similarity: 0.19844555854797363
  Module: Common, Similarity: 0.21616090834140778
  Module: E2E, Similarity: 0.244463711977005
  Module: Logic, Similarity: 0.10670486092567444
  Module: Storage, Similarity: 0.17016051709651947
  Module: UI, Similarity: 0.16333788633346558
Document: src\e2e\java\teammates\e2e\cases\InstructorCourseStudentDetailsPageE2ETest.java
  Module: Client, Similarity: 0.2033993899822235
  Module: Common, Similarity: 0.2535196840763092
  Module: E2E, Similarity: 0.26482969522476196
  Module: Logic, Similarity: 0.13649186491966248
  Module: Storage, Similarity: 0.17636342346668243
  Module: UI, Similarity: 0.1981155127286911
Document: src\e2e\java\teammates\e2e\cases\InstructorFeedbackEditPageE2ETest.java
  Module: Client, Similarity: 0.18447482585906982
  Module: Common, Similarity: 0.17549026012420654
  Module: E2E, Similarity: 0.24203075468540192
  Module: Logic, Similarity: 0.07591532170772552
  Module: Storage, Similarity: 0.14446933567523956
  Module: UI, Similarity: 0.11876848340034485
Document: src\e2e\java\teammates\e2e\cases\InstructorFeedbackReportPageE2ETest.java
  Module: Client, Similarity: 0.1408528983592987
  Module: Common, Similarity: 0.15221421420574188
  Module: E2E, Similarity: 0.21824821829795837
  Module: Logic, Similarity: 0.05787307769060135
  Module: Storage, Similarity: 0.08098417520523071
  Module: UI, Similarity: 0.054126668721437454
Document: src\e2e\java\teammates\e2e\cases\InstructorFeedbackSessionsPageE2ETest.java
  Module: Client, Similarity: 0.17745137214660645
  Module: Common, Similarity: 0.1624433696269989
  Module: E2E, Similarity: 0.23345547914505005
  Module: Logic, Similarity: 0.056666649878025055
  Module: Storage, Similarity: 0.13538265228271484
  Module: UI, Similarity: 0.07677039504051208
Document: src\e2e\java\teammates\e2e\cases\InstructorHomePageE2ETest.java
  Module: Client, Similarity: 0.174797922372818
  Module: Common, Similarity: 0.1876504123210907
  Module: E2E, Similarity: 0.2413444072008133
  Module: Logic, Similarity: 0.07595259696245193
  Module: Storage, Similarity: 0.14823301136493683
  Module: UI, Similarity: 0.10804688185453415
Document: src\e2e\java\teammates\e2e\cases\InstructorNotificationsPageE2ETest.java
  Module: Client, Similarity: 0.1780002862215042
  Module: Common, Similarity: 0.20032046735286713
  Module: E2E, Similarity: 0.22696004807949066
  Module: Logic, Similarity: 0.08132105320692062
  Module: Storage, Similarity: 0.15408018231391907
  Module: UI, Similarity: 0.1394498199224472
Document: src\e2e\java\teammates\e2e\cases\InstructorSearchPageE2ETest.java
  Module: Client, Similarity: 0.16955351829528809
  Module: Common, Similarity: 0.1984112560749054
  Module: E2E, Similarity: 0.21595117449760437
  Module: Logic, Similarity: 0.07754093408584595
  Module: Storage, Similarity: 0.14599747955799103
  Module: UI, Similarity: 0.14651784300804138
Document: src\e2e\java\teammates\e2e\cases\InstructorSessionIndividualExtensionPageE2ETest.java
  Module: Client, Similarity: 0.1962309181690216
  Module: Common, Similarity: 0.222249835729599
  Module: E2E, Similarity: 0.26984816789627075
  Module: Logic, Similarity: 0.10496816039085388
  Module: Storage, Similarity: 0.16812339425086975
  Module: UI, Similarity: 0.14400646090507507
Document: src\e2e\java\teammates\e2e\cases\InstructorStudentActivityLogsPageE2ETest.java
  Module: Client, Similarity: 0.18074369430541992
  Module: Common, Similarity: 0.18420900404453278
  Module: E2E, Similarity: 0.24952000379562378
  Module: Logic, Similarity: 0.08082219958305359
  Module: Storage, Similarity: 0.12947885692119598
  Module: UI, Similarity: 0.11140814423561096
Document: src\e2e\java\teammates\e2e\cases\InstructorStudentListPageE2ETest.java
  Module: Client, Similarity: 0.17001688480377197
  Module: Common, Similarity: 0.18909677863121033
  Module: E2E, Similarity: 0.21579542756080627
  Module: Logic, Similarity: 0.06716326624155045
  Module: Storage, Similarity: 0.14364463090896606
  Module: UI, Similarity: 0.15328416228294373
Document: src\e2e\java\teammates\e2e\cases\InstructorStudentRecordsPageE2ETest.java
  Module: Client, Similarity: 0.21450288593769073
  Module: Common, Similarity: 0.26154395937919617
  Module: E2E, Similarity: 0.25112318992614746
  Module: Logic, Similarity: 0.13162843883037567
  Module: Storage, Similarity: 0.17213377356529236
  Module: UI, Similarity: 0.16944149136543274
Document: src\e2e\java\teammates\e2e\cases\NotificationBannerE2ETest.java
  Module: Client, Similarity: 0.2022649645805359
  Module: Common, Similarity: 0.222556471824646
  Module: E2E, Similarity: 0.2300301194190979
  Module: Logic, Similarity: 0.10853522270917892
  Module: Storage, Similarity: 0.17844951152801514
  Module: UI, Similarity: 0.17165713012218475
Document: src\e2e\java\teammates\e2e\cases\package-info.java
  Module: Client, Similarity: 0.2478322684764862
  Module: Common, Similarity: 0.4684704542160034
  Module: E2E, Similarity: 0.37920433282852173
  Module: Logic, Similarity: 0.2801094651222229
  Module: Storage, Similarity: 0.2455006092786789
  Module: UI, Similarity: 0.34040433168411255
Document: src\e2e\java\teammates\e2e\cases\StudentCourseDetailsPageE2ETest.java
  Module: Client, Similarity: 0.20032751560211182
  Module: Common, Similarity: 0.283439964056015
  Module: E2E, Similarity: 0.2610153257846832
  Module: Logic, Similarity: 0.15246617794036865
  Module: Storage, Similarity: 0.17341580986976624
  Module: UI, Similarity: 0.16284652054309845
Document: src\e2e\java\teammates\e2e\cases\StudentCourseJoinConfirmationPageE2ETest.java
  Module: Client, Similarity: 0.18726322054862976
  Module: Common, Similarity: 0.21684104204177856
  Module: E2E, Similarity: 0.2449067384004593
  Module: Logic, Similarity: 0.10451972484588623
  Module: Storage, Similarity: 0.1257416009902954
  Module: UI, Similarity: 0.1508420705795288
Document: src\e2e\java\teammates\e2e\cases\StudentHomePageE2ETest.java
  Module: Client, Similarity: 0.18383517861366272
  Module: Common, Similarity: 0.28443193435668945
  Module: E2E, Similarity: 0.2769014835357666
  Module: Logic, Similarity: 0.17006176710128784
  Module: Storage, Similarity: 0.1753906011581421
  Module: UI, Similarity: 0.15159882605075836
Document: src\e2e\java\teammates\e2e\cases\StudentNotificationsPageE2ETest.java
  Module: Client, Similarity: 0.17637799680233002
  Module: Common, Similarity: 0.2026934176683426
  Module: E2E, Similarity: 0.22623319923877716
  Module: Logic, Similarity: 0.08238072693347931
  Module: Storage, Similarity: 0.16071908175945282
  Module: UI, Similarity: 0.13049228489398956
Document: src\e2e\java\teammates\e2e\cases\SystemErrorEmailReportE2ETest.java
  Module: Client, Similarity: 0.22615890204906464
  Module: Common, Similarity: 0.2765844166278839
  Module: E2E, Similarity: 0.2647472321987152
  Module: Logic, Similarity: 0.11789016425609589
  Module: Storage, Similarity: 0.14887648820877075
  Module: UI, Similarity: 0.10825222730636597
Document: src\e2e\java\teammates\e2e\cases\TimezoneSyncerTest.java
  Module: Client, Similarity: 0.2166149914264679
  Module: Common, Similarity: 0.26918888092041016
  Module: E2E, Similarity: 0.2455504983663559
  Module: Logic, Similarity: 0.12487484514713287
  Module: Storage, Similarity: 0.1437119096517563
  Module: UI, Similarity: 0.15724065899848938
Document: src\e2e\java\teammates\e2e\cases\axe\AdminAccountsPageAxeTest.java
