Mapping based on tfidf, and threshold for the mapping similarity is 50.0
Successfully exported class-to-module scores to CSV: teastore/removed_WebUI/tfidf-file-module_scores.csv
Mapping based on tfidf, and threshold for the mapping similarity is 50.0
Successfully exported class-to-module scores to CSV: teastore/removed_Auth/tfidf-file-module_scores.csv
Mapping based on tfidf, and threshold for the mapping similarity is 50.0
Successfully exported class-to-module scores to CSV: teastore/removed_Persistence/tfidf-file-module_scores.csv
Mapping based on tfidf, and threshold for the mapping similarity is 50.0
Successfully exported class-to-module scores to CSV: teastore/removed_Recommender/tfidf-file-module_scores.csv
Mapping based on tfidf, and threshold for the mapping similarity is 50.0
Successfully exported class-to-module scores to CSV: teastore/removed_Registry/tfidf-file-module_scores.csv
Mapping based on tfidf, and threshold for the mapping similarity is 50.0
Successfully exported class-to-module scores to CSV: teastore/removed_ImageProvider/tfidf-file-module_scores.csv
Deleting module: WebUI
New module info file generated: teastore/removed_WebUI/updated_module_info.txt
Deleting module: Auth
New module info file generated: teastore/removed_Auth/updated_module_info.txt
Deleting module: Persistence
New module info file generated: teastore/removed_Persistence/updated_module_info.txt
Deleting module: Recommender
New module info file generated: teastore/removed_Recommender/updated_module_info.txt
Deleting module: Registry
New module info file generated: teastore/removed_Registry/updated_module_info.txt
Deleting module: ImageProvider
New module info file generated: teastore/removed_ImageProvider/updated_module_info.txt
