Mapping based on tfidf, and threshold for the mapping similarity is 50.0
Successfully exported class-to-module scores to CSV: mediastore/removed_Facade/tfidf-file-module_scores.csv
Mapping based on tfidf, and threshold for the mapping similarity is 50.0
Successfully exported class-to-module scores to CSV: mediastore/removed_MediaManagement/tfidf-file-module_scores.csv
Mapping based on tfidf, and threshold for the mapping similarity is 50.0
Successfully exported class-to-module scores to CSV: mediastore/removed_UserManagement/tfidf-file-module_scores.csv
Mapping based on tfidf, and threshold for the mapping similarity is 50.0
Successfully exported class-to-module scores to CSV: mediastore/removed_UserDBAdapter/tfidf-file-module_scores.csv
Mapping based on tfidf, and threshold for the mapping similarity is 50.0
Successfully exported class-to-module scores to CSV: mediastore/removed_TagWatermarking/tfidf-file-module_scores.csv
Mapping based on tfidf, and threshold for the mapping similarity is 50.0
Successfully exported class-to-module scores to CSV: mediastore/removed_Packaging/tfidf-file-module_scores.csv
Mapping based on tfidf, and threshold for the mapping similarity is 50.0
Successfully exported class-to-module scores to CSV: mediastore/removed_MediaAccess/tfidf-file-module_scores.csv
Deleting module: Facade
New module info file generated: mediastore/removed_Facade/updated_module_info.txt
Deleting module: MediaManagement
New module info file generated: mediastore/removed_MediaManagement/updated_module_info.txt
Deleting module: UserManagement
New module info file generated: mediastore/removed_UserManagement/updated_module_info.txt
Deleting module: UserDBAdapter
New module info file generated: mediastore/removed_UserDBAdapter/updated_module_info.txt
Deleting module: TagWatermarking
New module info file generated: mediastore/removed_TagWatermarking/updated_module_info.txt
Deleting module: Packaging
New module info file generated: mediastore/removed_Packaging/updated_module_info.txt
[Skip] 'ReEncoder' not exsit in Ground Truth group, continue
[Skip] 'Database' not exsit in Ground Truth group, continue
Deleting module: MediaAccess
New module info file generated: mediastore/removed_MediaAccess/updated_module_info.txt
[Skip] 'FileStorage' not exsit in Ground Truth group, continue
