Mapping based on tfidf, and threshold for the mapping similarity is 50.0
Successfully exported class-to-module scores to CSV: bigbluebutton/removed_Apps/tfidf-file-module_scores.csv
Mapping based on tfidf, and threshold for the mapping similarity is 50.0
Successfully exported class-to-module scores to CSV: bigbluebutton/removed_BBB web/tfidf-file-module_scores.csv
Mapping based on tfidf, and threshold for the mapping similarity is 50.0
Successfully exported class-to-module scores to CSV: bigbluebutton/removed_FSESL/tfidf-file-module_scores.csv
Mapping based on tfidf, and threshold for the mapping similarity is 50.0
Successfully exported class-to-module scores to CSV: bigbluebutton/removed_FreeSWITCH/tfidf-file-module_scores.csv
Mapping based on tfidf, and threshold for the mapping similarity is 50.0
Successfully exported class-to-module scores to CSV: bigbluebutton/removed_Presentation Conversion/tfidf-file-module_scores.csv
Mapping based on tfidf, and threshold for the mapping similarity is 50.0
Successfully exported class-to-module scores to CSV: bigbluebutton/removed_Redis DB/tfidf-file-module_scores.csv
Mapping based on tfidf, and threshold for the mapping similarity is 50.0
Successfully exported class-to-module scores to CSV: bigbluebutton/removed_Redis PubSub/tfidf-file-module_scores.csv
Deleting module: Apps
New module info file generated: bigbluebutton/removed_Apps/updated_module_info.txt
Deleting module: BBB web
New module info file generated: bigbluebutton/removed_BBB web/updated_module_info.txt
Deleting module: FSESL
New module info file generated: bigbluebutton/removed_FSESL/updated_module_info.txt
Deleting module: FreeSWITCH
New module info file generated: bigbluebutton/removed_FreeSWITCH/updated_module_info.txt
Deleting module: Presentation Conversion
New module info file generated: bigbluebutton/removed_Presentation Conversion/updated_module_info.txt
Deleting module: Redis DB
New module info file generated: bigbluebutton/removed_Redis DB/updated_module_info.txt
Deleting module: Redis PubSub
New module info file generated: bigbluebutton/removed_Redis PubSub/updated_module_info.txt
