Mapping based on tfidf, and threshold for the mapping similarity is 50.0
Successfully exported class-to-module scores to CSV: teammates/removed_UI/tfidf-file-module_scores.csv
Mapping based on tfidf, and threshold for the mapping similarity is 50.0
Successfully exported class-to-module scores to CSV: teammates/removed_Logic/tfidf-file-module_scores.csv
Mapping based on tfidf, and threshold for the mapping similarity is 50.0
Successfully exported class-to-module scores to CSV: teammates/removed_Storage/tfidf-file-module_scores.csv
Mapping based on tfidf, and threshold for the mapping similarity is 50.0
Successfully exported class-to-module scores to CSV: teammates/removed_Common/tfidf-file-module_scores.csv
Mapping based on tfidf, and threshold for the mapping similarity is 50.0
Successfully exported class-to-module scores to CSV: teammates/removed_E2E/tfidf-file-module_scores.csv
Mapping based on tfidf, and threshold for the mapping similarity is 50.0
Successfully exported class-to-module scores to CSV: teammates/removed_Client/tfidf-file-module_scores.csv
Deleting module: UI
New module info file generated: teammates/removed_UI/updated_module_info.txt
Deleting module: Logic
New module info file generated: teammates/removed_Logic/updated_module_info.txt
Deleting module: Storage
New module info file generated: teammates/removed_Storage/updated_module_info.txt
Deleting module: Common
New module info file generated: teammates/removed_Common/updated_module_info.txt
Deleting module: E2E
New module info file generated: teammates/removed_E2E/updated_module_info.txt
Deleting module: Client
New module info file generated: teammates/removed_Client/updated_module_info.txt
